2022-11-28 19:16:22,129 INFO client Client started 
2022-11-28 19:16:22,130 ERROR client Port should be an integer number 
2022-11-28 19:16:22,133 INFO client Client started 
2022-11-28 19:16:22,134 ERROR client Port should be an integer number 
2022-11-28 19:16:22,143 INFO client Client started 
2022-11-28 19:16:22,144 ERROR client Port should be an integer number 
2022-11-28 19:17:13,766 WARNING client Server address is empty, using localhost 
2022-11-28 19:17:13,766 WARNING client Server port is empty, using 7777 
2022-11-28 19:17:13,766 DEBUG client Starting connection... 
2022-11-28 19:17:13,812 DEBUG decorator Function create_message was called from main 
2022-11-28 19:17:13,813 DEBUG decorator Function create_message((), {}), return {'action': 'presence', 'time': 1669652233.7709134, 'user': {'account_name': 'account_name'}} 
2022-11-28 19:17:13,813 DEBUG client Sending message... 
2022-11-28 19:17:13,813 DEBUG client Waiting for response... 
2022-11-28 19:17:13,823 DEBUG decorator Function message_response was called from main 
2022-11-28 19:17:13,823 DEBUG decorator Function message_response(({'action': 'presence', 'time': 1669652233.7709134, 'user': {'account_name': 'account_name'}},), {}), return {'response': 200} 
2022-11-28 19:17:13,826 DEBUG decorator Function translate_message was called from main 
2022-11-28 19:17:13,826 DEBUG decorator Function translate_message(({'response': 200},), {}), return {'response': 200} 
2022-11-28 19:17:13,826 INFO client Response: {'response': 200} 
2022-11-28 19:17:13,828 DEBUG decorator Function main was called from test_communication 
2022-11-28 19:17:13,828 DEBUG decorator Function main((), {}), return None 
2022-11-28 19:17:13,830 DEBUG decorator Function create_message was called from test_create_message 
2022-11-28 19:17:13,830 DEBUG decorator Function create_message((), {}), return {'action': 'presence', 'time': 1669652233.829716, 'user': {'account_name': 'account_name'}} 
2022-11-28 19:17:13,831 WARNING client create_message Username Too Long Error 
2022-11-28 19:17:13,831 WARNING client create_message Type Error 
2022-11-28 19:17:13,833 DEBUG decorator Function create_message was called from test_create_message_with_account_name 
2022-11-28 19:17:13,834 DEBUG decorator Function create_message(('Kostia',), {}), return {'action': 'presence', 'time': 1669652233.8327203, 'user': {'account_name': 'Kostia'}} 
2022-11-28 19:17:13,835 DEBUG decorator Function translate_message was called from test_translate_message 
2022-11-28 19:17:13,836 DEBUG decorator Function translate_message(({'response': 200},), {}), return {'response': 200} 
2022-11-28 19:17:13,836 ERROR client translate_message Mandatory Key Error 
2022-11-28 19:17:13,836 ERROR client translate_message Type error 
2022-11-28 19:17:13,837 ERROR client translate_message Response Code Length Error 
2022-11-28 19:17:13,837 ERROR client translate_message Response code error 
2022-11-28 19:17:20,324 DEBUG decorator Function message_response was called from test_message_response 
2022-11-28 19:17:20,324 DEBUG decorator Function message_response(({'action': 'presence', 'time': 1669652240.3057694, 'user': {'account_name': 'account_name'}},), {}), return {'response': 200} 
2022-11-28 19:17:20,327 DEBUG decorator Function message_response was called from test_message_response_incorrect 
2022-11-28 19:17:20,327 DEBUG decorator Function message_response(({},), {}), return {'response': 400, 'error': 'Incorrect request'} 
